<?xml version="1.0" encoding="UTF-8" ?>
<testsuite tests="1" failures="0" name="com.javacodegeeks.AdvancedTest" time="0.004" errors="0" skipped="0">
  <properties>
    <property name="java.vendor" value="Oracle Corporation"/>
    <property name="JOB_NAME" value="SampleMaven"/>
    <property name="PWD" value="/cygdrive/c/DevOps/apache-tomcat-7.0.69/bin"/>
    <property name="COMSPEC" value="C:\Windows\system32\cmd.exe"/>
    <property name="sun.java.launcher" value="SUN_STANDARD"/>
    <property name="NUMBER_OF_PROCESSORS" value="4"/>
    <property name="sun.management.compiler" value="HotSpot 64-Bit Tiered Compilers"/>
    <property name="SYSTEMROOT" value="C:\Windows"/>
    <property name="JENKINS_HOME" value="C:\Users\Chaitanyateja\.jenkins"/>
    <property name="PATH" value="C:\cygwin64\usr\local\bin;C:\cygwin64\bin;C:\ProgramData\Oracle\Java\javapath;C:\Program Files (x86)\Intel\iCLS Client;C:\Program Files\Intel\iCLS Client;C:\Windows\system32;C:\Windows;C:\Windows\System32\Wbem;C:\Windows\System32\WindowsPowerShell\v1.0;C:\Program Files\Java\jdk1.8.0_91\bin;C:\Program Files (x86)\Microsoft SQL Server\Client SDK\ODBC\110\Tools\Binn;C:\Program Files (x86)\Microsoft SQL Server\120\Tools\Binn;C:\Program Files (x86)\Microsoft SQL Server\120\DTS\Binn;C:\Program Files (x86)\Microsoft SQL Server\120\Tools\Binn\ManagementStudio;C:\cygwin64\bin;C:\DevOps\apache-maven-3.3.9\bin"/>
    <property name="FPS_BROWSER_USER_PROFILE_STRING" value="Default"/>
    <property name="HUDSON_SERVER_COOKIE" value="3b99c4f8ba86bc1c"/>
    <property name="POM_ARTIFACTID" value="Sample1"/>
    <property name="os.name" value="Windows 10"/>
    <property name="sun.boot.class.path" value="C:\Program Files\Java\jdk1.8.0_91\jre\lib\resources.jar;C:\Program Files\Java\jdk1.8.0_91\jre\lib\rt.jar;C:\Program Files\Java\jdk1.8.0_91\jre\lib\sunrsasign.jar;C:\Program Files\Java\jdk1.8.0_91\jre\lib\jsse.jar;C:\Program Files\Java\jdk1.8.0_91\jre\lib\jce.jar;C:\Program Files\Java\jdk1.8.0_91\jre\lib\charsets.jar;C:\Program Files\Java\jdk1.8.0_91\jre\lib\jfr.jar;C:\Program Files\Java\jdk1.8.0_91\jre\classes"/>
    <property name="EXECUTOR_NUMBER" value="1"/>
    <property name="sun.desktop" value="windows"/>
    <property name="PATHEXT" value=".COM;.EXE;.BAT;.CMD;.VBS;.VBE;.JS;.JSE;.WSF;.WSH;.MSC"/>
    <property name="java.vm.specification.vendor" value="Oracle Corporation"/>
    <property name="POM_DISPLAYNAME" value="Sample1"/>
    <property name="NODE_LABELS" value="master"/>
    <property name="TEMP" value="C:\cygwin64\tmp"/>
    <property name="java.runtime.version" value="1.8.0_91-b14"/>
    <property name="FPS_BROWSER_APP_PROFILE_STRING" value="Internet Explorer"/>
    <property name="user.name" value="Chaitanyateja"/>
    <property name="guice.disable.misplaced.annotation.check" value="true"/>
    <property name="AppsRoot" value="D"/>
    <property name="CommonProgramW6432" value="C:\Program Files\Common Files"/>
    <property name="user.language" value="en"/>
    <property name="INFOPATH" value="/usr/local/info:/usr/share/info:/usr/info"/>
    <property name="JOB_BASE_NAME" value="SampleMaven"/>
    <property name="M2" value="C:\DevOps\apache-maven-3.3.9\bin"/>
    <property name="BUILD_DISPLAY_NAME" value="#2"/>
    <property name="sun.boot.library.path" value="C:\Program Files\Java\jdk1.8.0_91\jre\bin"/>
    <property name="LOCALAPPDATA" value="C:\Users\Chaitanyateja\AppData\Local"/>
    <property name="java.version" value="1.8.0_91"/>
    <property name="PROCESSOR_LEVEL" value="6"/>
    <property name="user.timezone" value="America/Chicago"/>
    <property name="USERNAME" value="Chaitanyateja"/>
    <property name="sun.arch.data.model" value="64"/>
    <property name="NODE_NAME" value="master"/>
    <property name="TERM" value="xterm"/>
    <property name="java.endorsed.dirs" value="C:\Program Files\Java\jdk1.8.0_91\jre\lib\endorsed"/>
    <property name="BUILD_ID" value="2"/>
    <property name="sun.cpu.isalist" value="amd64"/>
    <property name="sun.jnu.encoding" value="Cp1252"/>
    <property name="file.encoding.pkg" value="sun.io"/>
    <property name="SHELL" value="/bin/bash"/>
    <property name="file.separator" value="\"/>
    <property name="java.specification.name" value="Java Platform API Specification"/>
    <property name="HOMEDRIVE" value="C:"/>
    <property name="SYSTEMDRIVE" value="C:"/>
    <property name="java.class.version" value="52.0"/>
    <property name="=::" value="::\"/>
    <property name="org.slf4j.simpleLogger.defaultLogLevel" value="info"/>
    <property name="user.country" value="IN"/>
    <property name="ALLUSERSPROFILE" value="C:\ProgramData"/>
    <property name="java.home" value="C:\Program Files\Java\jdk1.8.0_91\jre"/>
    <property name="java.vm.info" value="mixed mode"/>
    <property name="os.version" value="10.0"/>
    <property name="WINDIR" value="C:\Windows"/>
    <property name="POM_VERSION" value="4.0.1"/>
    <property name="TMP" value="C:\cygwin64\tmp"/>
    <property name="path.separator" value=";"/>
    <property name="java.vm.version" value="25.91-b14"/>
    <property name="user.variant" value=""/>
    <property name="CommonProgramFiles(x86)" value="C:\Program Files (x86)\Common Files"/>
    <property name="SHLVL" value="2"/>
    <property name="_" value="/cygdrive/c/Program Files/Java/jdk1.8.0_91/bin/java"/>
    <property name="java.awt.printerjob" value="sun.awt.windows.WPrinterJob"/>
    <property name="USERDOMAIN_ROAMINGPROFILE" value="CHAITANYA-MAC"/>
    <property name="PRINTER" value="Microsoft Print to PDF"/>
    <property name="PROFILEREAD" value="true"/>
    <property name="sun.io.unicode.encoding" value="UnicodeLittle"/>
    <property name="JAVA_HOME" value="C:\Program Files\Java\jdk1.8.0_91"/>
    <property name="awt.toolkit" value="sun.awt.windows.WToolkit"/>
    <property name="HOMEPATH" value="\Users\Chaitanyateja"/>
    <property name="POM_PACKAGING" value="jar"/>
    <property name="user.script" value=""/>
    <property name="COMPUTERNAME" value="CHAITANYA-MAC"/>
    <property name="HOME" value="C:\cygwin64\home\Chaitanyateja"/>
    <property name="POM_GROUPID" value="org.javacodegeeks"/>
    <property name="user.home" value="C:\Users\Chaitanyateja"/>
    <property name="PUBLIC" value="C:\Users\Public"/>
    <property name="BUILD_TAG" value="jenkins-SampleMaven-2"/>
    <property name="JENKINS_SERVER_COOKIE" value="3b99c4f8ba86bc1c"/>
    <property name="ProgramData" value="C:\ProgramData"/>
    <property name="java.specification.vendor" value="Oracle Corporation"/>
    <property name="USERPROFILE" value="C:\Users\Chaitanyateja"/>
    <property name="CLASSPATH" value=""/>
    <property name="java.vendor.url" value="http://java.oracle.com/"/>
    <property name="java.library.path" value="C:\Program Files\Java\jdk1.8.0_91\bin;C:\Windows\Sun\Java\bin;C:\Windows\system32;C:\Windows;C:\DevOps\apache-maven-3.3.9/bin;C:\cygwin64\usr\local\bin;C:\cygwin64\bin;C:\ProgramData\Oracle\Java\javapath;C:\Program Files (x86)\Intel\iCLS Client;C:\Program Files\Intel\iCLS Client;C:\Windows\system32;C:\Windows;C:\Windows\System32\Wbem;C:\Windows\System32\WindowsPowerShell\v1.0;C:\Program Files\Java\jdk1.8.0_91\bin;C:\Program Files (x86)\Microsoft SQL Server\Client SDK\ODBC\110\Tools\Binn;C:\Program Files (x86)\Microsoft SQL Server\120\Tools\Binn;C:\Program Files (x86)\Microsoft SQL Server\120\DTS\Binn;C:\Program Files (x86)\Microsoft SQL Server\120\Tools\Binn\ManagementStudio;C:\cygwin64\bin;C:\DevOps\apache-maven-3.3.9\bin;."/>
    <property name="java.vm.vendor" value="Oracle Corporation"/>
    <property name="APPDATA" value="C:\Users\Chaitanyateja\AppData\Roaming"/>
    <property name="java.runtime.name" value="Java(TM) SE Runtime Environment"/>
    <property name="maven.home" value="C:\DevOps\apache-maven-3.3.9"/>
    <property name="java.class.path" value="C:\Users\Chaitanyateja\.jenkins\plugins\maven-plugin\WEB-INF\lib\maven32-agent-1.7.jar;C:\DevOps\apache-maven-3.3.9\boot\plexus-classworlds-2.5.2.jar;C:\DevOps\apache-maven-3.3.9/conf/logging"/>
    <property name="sun.java.command" value="jenkins.maven3.agent.Maven32Main C:\DevOps\apache-maven-3.3.9 C:\DevOps\apache-tomcat-7.0.69\webapps\ROOT\WEB-INF\lib\remoting-2.59.jar C:\Users\Chaitanyateja\.jenkins\plugins\maven-plugin\WEB-INF\lib\maven32-interceptor-1.7.jar C:\Users\Chaitanyateja\.jenkins\plugins\maven-plugin\WEB-INF\lib\maven3-interceptor-commons-1.7.jar 51454"/>
    <property name="ORIGINAL_PATH" value="/cygdrive/c/ProgramData/Oracle/Java/javapath:/cygdrive/c/Program Files (x86)/Intel/iCLS Client:/cygdrive/c/Program Files/Intel/iCLS Client:/cygdrive/c/Windows/system32:/cygdrive/c/Windows:/cygdrive/c/Windows/System32/Wbem:/cygdrive/c/Windows/System32/WindowsPowerShell/v1.0:/cygdrive/c/Program Files/Java/jdk1.8.0_91/bin:/cygdrive/c/Program Files (x86)/Microsoft SQL Server/Client SDK/ODBC/110/Tools/Binn:/cygdrive/c/Program Files (x86)/Microsoft SQL Server/120/Tools/Binn:/cygdrive/c/Program Files (x86)/Microsoft SQL Server/120/DTS/Binn:/cygdrive/c/Program Files (x86)/Microsoft SQL Server/120/Tools/Binn/ManagementStudio:/usr/bin:/cygdrive/c/DevOps/apache-maven-3.3.9/bin"/>
    <property name="COMMONPROGRAMFILES" value="C:\Program Files\Common Files"/>
    <property name="java.vm.specification.name" value="Java Virtual Machine Specification"/>
    <property name="PROCESSOR_ARCHITECTURE" value="AMD64"/>
    <property name="PROCESSOR_IDENTIFIER" value="Intel64 Family 6 Model 61 Stepping 4, GenuineIntel"/>
    <property name="SESSIONNAME" value="Console"/>
    <property name="java.vm.specification.version" value="1.8"/>
    <property name="sun.os.patch.level" value=""/>
    <property name="sun.cpu.endian" value="little"/>
    <property name="M2_HOME" value="C:\DevOps\apache-maven-3.3.9"/>
    <property name="java.io.tmpdir" value="C:\cygwin64\tmp\"/>
    <property name="HOSTNAME" value="Chaitanya-MAC"/>
    <property name="OS" value="Windows_NT"/>
    <property name="HUDSON_HOME" value="C:\Users\Chaitanyateja\.jenkins"/>
    <property name="PATH+MAVEN" value="C:\DevOps\apache-maven-3.3.9/bin"/>
    <property name="ProgramFiles(x86)" value="C:\Program Files (x86)"/>
    <property name="java.vendor.url.bug" value="http://bugreport.sun.com/bugreport/"/>
    <property name="java.awt.graphicsenv" value="sun.awt.Win32GraphicsEnvironment"/>
    <property name="os.arch" value="amd64"/>
    <property name="java.ext.dirs" value="C:\Program Files\Java\jdk1.8.0_91\jre\lib\ext;C:\Windows\Sun\Java\lib\ext"/>
    <property name="user.dir" value="C:\DevOps\Samplejava\SampleExample"/>
    <property name="LOGONSERVER" value="\\MicrosoftAccount"/>
    <property name="USERDOMAIN" value="CHAITANYA-MAC"/>
    <property name="line.separator" value="
"/>
    <property name="MAVEN_HOME" value="C:\DevOps\apache-maven-3.3.9"/>
    <property name="java.vm.name" value="Java HotSpot(TM) 64-Bit Server VM"/>
    <property name="BUILD_NUMBER" value="2"/>
    <property name="PROCESSOR_REVISION" value="3d04"/>
    <property name="EXECIGNORE" value="*.dll"/>
    <property name="ProgramW6432" value="C:\Program Files"/>
    <property name="TZ" value="America/Chicago"/>
    <property name="file.encoding" value="Cp1252"/>
    <property name="LANG" value="en_US.UTF-8"/>
    <property name="maven3.interceptor" value="C:\Users\Chaitanyateja\.jenkins\plugins\maven-plugin\WEB-INF\lib\maven32-interceptor-1.7.jar"/>
    <property name="WORKSPACE" value="C:\Users\Chaitanyateja\.jenkins\workspace\SampleMaven"/>
    <property name="maven3.interceptor.common" value="C:\Users\Chaitanyateja\.jenkins\plugins\maven-plugin\WEB-INF\lib\maven3-interceptor-commons-1.7.jar"/>
    <property name="java.specification.version" value="1.8"/>
    <property name="PSModulePath" value="C:\Program Files\WindowsPowerShell\Modules;C:\Windows\system32\WindowsPowerShell\v1.0\Modules;C:\Program Files (x86)\Microsoft SQL Server\120\Tools\PowerShell\Modules\"/>
    <property name="PROGRAMFILES" value="C:\Program Files"/>
    <property name="USER" value="Chaitanyateja"/>
  </properties>
  <testcase classname="com.javacodegeeks.AdvancedTest" name="test" time="0.004"/>
</testsuite>